<?xml version="1.0" encoding="UTF-8"?>
<testng-results total="5" passed="4" failed="1" skipped="0">
  <reporter-output>
  </reporter-output>
  <suite started-at="2024-04-04T14:15:08Z" name="tests" finished-at="2024-04-04T14:15:31Z" duration-ms="22845">
    <groups>
      <group name="ErrorHandling">
        <method signature="errorValidation.validation()[pri:0, instance:FrameWork.errorValidation@57fd91c9]" name="validation" class="FrameWork.errorValidation"/>
      </group> <!-- ErrorHandling -->
      <group name="PurchesOrder">
        <method signature="SubmitOrderTest.submitorder(java.lang.String, java.lang.String, java.lang.String)[pri:0, instance:FrameWork.SubmitOrderTest@68b6f0d6]" name="submitorder" class="FrameWork.SubmitOrderTest"/>
      </group> <!-- PurchesOrder -->
    </groups>
    <test started-at="2024-04-04T14:15:08Z" name="Submit rder test" finished-at="2024-04-04T14:15:23Z" duration-ms="15459">
      <class name="FrameWork.SubmitOrderTest">
        <test-method is-config="true" signature="launchApplication()[pri:0, instance:FrameWork.SubmitOrderTest@68b6f0d6]" started-at="2024-04-04T19:45:08Z" name="launchApplication" finished-at="2024-04-04T19:45:13Z" duration-ms="4689" status="PASS">
          <reporter-output>
          </reporter-output>
        </test-method> <!-- launchApplication -->
        <test-method signature="submitorder(java.lang.String, java.lang.String, java.lang.String)[pri:0, instance:FrameWork.SubmitOrderTest@68b6f0d6]" started-at="2024-04-04T19:45:13Z" name="submitorder" data-provider="getData" finished-at="2024-04-04T19:45:16Z" duration-ms="3051" status="PASS">
          <params>
            <param index="0">
              <value>
                <![CDATA[snehaladsul@gmail.com]]>
              </value>
            </param>
            <param index="1">
              <value>
                <![CDATA[Snehaladsul11@@]]>
              </value>
            </param>
            <param index="2">
              <value>
                <![CDATA[ZARA COAT 3]]>
              </value>
            </param>
          </params>
          <reporter-output>
          </reporter-output>
        </test-method> <!-- submitorder -->
        <test-method is-config="true" signature="closeDriver()[pri:0, instance:FrameWork.SubmitOrderTest@68b6f0d6]" started-at="2024-04-04T19:45:16Z" name="closeDriver" finished-at="2024-04-04T19:45:16Z" duration-ms="182" status="PASS">
          <reporter-output>
          </reporter-output>
        </test-method> <!-- closeDriver -->
        <test-method is-config="true" signature="launchApplication()[pri:0, instance:FrameWork.SubmitOrderTest@68b6f0d6]" started-at="2024-04-04T19:45:16Z" name="launchApplication" finished-at="2024-04-04T19:45:18Z" duration-ms="2295" status="PASS">
          <reporter-output>
          </reporter-output>
        </test-method> <!-- launchApplication -->
        <test-method signature="submitorder(java.lang.String, java.lang.String, java.lang.String)[pri:0, instance:FrameWork.SubmitOrderTest@68b6f0d6]" started-at="2024-04-04T19:45:18Z" name="submitorder" data-provider="getData" finished-at="2024-04-04T19:45:21Z" duration-ms="2899" status="PASS">
          <params>
            <param index="0">
              <value>
                <![CDATA[rohitnalkar@gmail.com ]]>
              </value>
            </param>
            <param index="1">
              <value>
                <![CDATA[Snehaladsul11@@]]>
              </value>
            </param>
            <param index="2">
              <value>
                <![CDATA[ADIDAS ORIGINAL]]>
              </value>
            </param>
          </params>
          <reporter-output>
          </reporter-output>
        </test-method> <!-- submitorder -->
        <test-method is-config="true" signature="closeDriver()[pri:0, instance:FrameWork.SubmitOrderTest@68b6f0d6]" started-at="2024-04-04T19:45:21Z" name="closeDriver" finished-at="2024-04-04T19:45:21Z" duration-ms="128" status="PASS">
          <reporter-output>
          </reporter-output>
        </test-method> <!-- closeDriver -->
        <test-method is-config="true" signature="launchApplication()[pri:0, instance:FrameWork.SubmitOrderTest@68b6f0d6]" started-at="2024-04-04T19:45:21Z" name="launchApplication" finished-at="2024-04-04T19:45:23Z" duration-ms="1400" status="PASS">
          <reporter-output>
          </reporter-output>
        </test-method> <!-- launchApplication -->
        <test-method signature="orderHistoryTest()[pri:0, instance:FrameWork.SubmitOrderTest@68b6f0d6]" started-at="2024-04-04T19:45:23Z" name="orderHistoryTest" finished-at="2024-04-04T19:45:23Z" depends-on-methods="FrameWork.SubmitOrderTest.submitorder" duration-ms="646" status="PASS">
          <reporter-output>
          </reporter-output>
        </test-method> <!-- orderHistoryTest -->
        <test-method is-config="true" signature="closeDriver()[pri:0, instance:FrameWork.SubmitOrderTest@68b6f0d6]" started-at="2024-04-04T19:45:23Z" name="closeDriver" finished-at="2024-04-04T19:45:23Z" duration-ms="122" status="PASS">
          <reporter-output>
          </reporter-output>
        </test-method> <!-- closeDriver -->
      </class> <!-- FrameWork.SubmitOrderTest -->
    </test> <!-- Submit rder test -->
    <test started-at="2024-04-04T14:15:24Z" name="Error Validation Test" finished-at="2024-04-04T14:15:31Z" duration-ms="6937">
      <class name="FrameWork.errorValidation">
        <test-method is-config="true" signature="launchApplication()[pri:0, instance:FrameWork.errorValidation@57fd91c9]" started-at="2024-04-04T19:45:24Z" name="launchApplication" finished-at="2024-04-04T19:45:25Z" duration-ms="1345" status="PASS">
          <reporter-output>
          </reporter-output>
        </test-method> <!-- launchApplication -->
        <test-method signature="Productvalidation()[pri:0, instance:FrameWork.errorValidation@57fd91c9]" started-at="2024-04-04T19:45:25Z" name="Productvalidation" finished-at="2024-04-04T19:45:27Z" duration-ms="2181" status="PASS">
          <reporter-output>
          </reporter-output>
        </test-method> <!-- Productvalidation -->
        <test-method is-config="true" signature="closeDriver()[pri:0, instance:FrameWork.errorValidation@57fd91c9]" started-at="2024-04-04T19:45:27Z" name="closeDriver" finished-at="2024-04-04T19:45:27Z" duration-ms="128" status="PASS">
          <reporter-output>
          </reporter-output>
        </test-method> <!-- closeDriver -->
        <test-method is-config="true" signature="launchApplication()[pri:0, instance:FrameWork.errorValidation@57fd91c9]" started-at="2024-04-04T19:45:27Z" name="launchApplication" finished-at="2024-04-04T19:45:29Z" duration-ms="1620" status="PASS">
          <reporter-output>
          </reporter-output>
        </test-method> <!-- launchApplication -->
        <test-method signature="validation()[pri:0, instance:FrameWork.errorValidation@57fd91c9]" started-at="2024-04-04T19:45:29Z" name="validation" finished-at="2024-04-04T19:45:30Z" duration-ms="1089" status="FAIL">
          <exception class="java.lang.AssertionError">
            <message>
              <![CDATA[expected [Incorrect email or password.] but found [Incorrect email or password]]]>
            </message>
            <full-stacktrace>
              <![CDATA[java.lang.AssertionError: expected [Incorrect email or password.] but found [Incorrect email or password]
	at org.testng.Assert.fail(Assert.java:94)
	at org.testng.Assert.failNotEquals(Assert.java:513)
	at org.testng.Assert.assertEqualsImpl(Assert.java:135)
	at org.testng.Assert.assertEquals(Assert.java:116)
	at org.testng.Assert.assertEquals(Assert.java:190)
	at org.testng.Assert.assertEquals(Assert.java:200)
	at FrameWork.errorValidation.validation(errorValidation.java:32)
	at java.base/jdk.internal.reflect.NativeMethodAccessorImpl.invoke0(Native Method)
	at java.base/jdk.internal.reflect.NativeMethodAccessorImpl.invoke(NativeMethodAccessorImpl.java:62)
	at java.base/jdk.internal.reflect.DelegatingMethodAccessorImpl.invoke(DelegatingMethodAccessorImpl.java:43)
	at java.base/java.lang.reflect.Method.invoke(Method.java:566)
	at org.testng.internal.MethodInvocationHelper.invokeMethod(MethodInvocationHelper.java:86)
	at org.testng.internal.Invoker.invokeMethod(Invoker.java:643)
	at org.testng.internal.Invoker.invokeTestMethod(Invoker.java:820)
	at org.testng.internal.Invoker.invokeTestMethods(Invoker.java:1128)
	at org.testng.internal.TestMethodWorker.invokeTestMethods(TestMethodWorker.java:129)
	at org.testng.internal.TestMethodWorker.run(TestMethodWorker.java:112)
	at org.testng.TestRunner.privateRun(TestRunner.java:782)
	at org.testng.TestRunner.run(TestRunner.java:632)
	at org.testng.SuiteRunner.runTest(SuiteRunner.java:366)
	at org.testng.SuiteRunner.runSequentially(SuiteRunner.java:361)
	at org.testng.SuiteRunner.privateRun(SuiteRunner.java:319)
	at org.testng.SuiteRunner.run(SuiteRunner.java:268)
	at org.testng.SuiteRunnerWorker.runSuite(SuiteRunnerWorker.java:52)
	at org.testng.SuiteRunnerWorker.run(SuiteRunnerWorker.java:86)
	at org.testng.TestNG.runSuitesSequentially(TestNG.java:1244)
	at org.testng.TestNG.runSuitesLocally(TestNG.java:1169)
	at org.testng.TestNG.run(TestNG.java:1064)
	at org.apache.maven.surefire.testng.TestNGExecutor.run(TestNGExecutor.java:308)
	at org.apache.maven.surefire.testng.TestNGXmlTestSuite.execute(TestNGXmlTestSuite.java:71)
	at org.apache.maven.surefire.testng.TestNGProvider.invoke(TestNGProvider.java:113)
	at org.apache.maven.surefire.booter.ForkedBooter.runSuitesInProcess(ForkedBooter.java:385)
	at org.apache.maven.surefire.booter.ForkedBooter.execute(ForkedBooter.java:162)
	at org.apache.maven.surefire.booter.ForkedBooter.run(ForkedBooter.java:507)
	at org.apache.maven.surefire.booter.ForkedBooter.main(ForkedBooter.java:495)
]]>
            </full-stacktrace>
          </exception> <!-- java.lang.AssertionError -->
          <reporter-output>
          </reporter-output>
        </test-method> <!-- validation -->
        <test-method is-config="true" signature="closeDriver()[pri:0, instance:FrameWork.errorValidation@57fd91c9]" started-at="2024-04-04T19:45:31Z" name="closeDriver" finished-at="2024-04-04T19:45:31Z" duration-ms="124" status="PASS">
          <reporter-output>
          </reporter-output>
        </test-method> <!-- closeDriver -->
      </class> <!-- FrameWork.errorValidation -->
    </test> <!-- Error Validation Test -->
  </suite> <!-- tests -->
</testng-results>
